TN:
SF:script/DeploySinglePoolStaking.s.sol
DA:12,2
FN:12,DeploySinglePoolStaking.run
FNDA:2,DeploySinglePoolStaking.run
DA:14,2
DA:17,2
DA:18,2
DA:21,2
DA:22,2
DA:27,2
DA:28,2
DA:29,2
DA:30,2
DA:31,2
DA:32,2
DA:34,2
DA:37,2
DA:40,2
DA:42,2
DA:45,2
BRDA:45,0,0,-
DA:47,0
DA:48,0
DA:49,0
DA:52,0
DA:55,0
DA:56,0
FNF:1
FNH:1
LF:23
LH:17
BRF:1
BRH:0
end_of_record
TN:
SF:script/utils/HelperUtils.s.sol
DA:11,2
FN:11,HelperUtils.getChainName
FNDA:2,HelperUtils.getChainName
DA:12,2
BRDA:12,0,0,1
DA:13,1
DA:15,1
BRDA:15,1,0,1
DA:16,1
DA:18,0
BRDA:18,2,0,-
DA:19,0
DA:21,0
DA:25,2
FN:25,HelperUtils.getIsMainnet
FNDA:2,HelperUtils.getIsMainnet
DA:26,2
DA:30,6
FN:30,HelperUtils.getAddressFromJson
FNDA:6,HelperUtils.getAddressFromJson
DA:31,6
DA:32,6
DA:36,0
FN:36,HelperUtils.getBoolFromJson
FNDA:0,HelperUtils.getBoolFromJson
DA:37,0
DA:38,0
DA:42,0
FN:42,HelperUtils.getStringFromJson
FNDA:0,HelperUtils.getStringFromJson
DA:43,0
DA:44,0
DA:48,6
FN:48,HelperUtils.getUintFromJson
FNDA:6,HelperUtils.getUintFromJson
DA:49,6
DA:50,6
DA:54,0
FN:54,HelperUtils.bytes32ToHexString
FNDA:0,HelperUtils.bytes32ToHexString
DA:55,0
DA:56,0
DA:57,0
DA:58,0
DA:59,0
DA:61,0
DA:65,0
FN:65,HelperUtils.uintToStr
FNDA:0,HelperUtils.uintToStr
DA:66,0
DA:67,0
DA:68,0
DA:69,0
DA:70,0
DA:71,0
DA:73,0
DA:74,0
DA:75,0
DA:76,0
DA:77,0
DA:79,0
FNF:8
FNH:4
LF:42
LH:13
BRF:3
BRH:2
end_of_record
TN:
SF:src/SinglePoolStaking.sol
DA:181,57
FN:181,SinglePoolStaking.constructor
FNDA:57,SinglePoolStaking.constructor
DA:189,57
BRDA:189,0,0,1
DA:190,56
BRDA:190,1,0,1
DA:192,55
DA:193,55
DA:195,55
DA:196,55
DA:198,55
BRDA:198,2,0,-
DA:199,55
DA:201,55
DA:211,18
FN:211,SinglePoolStaking.balanceOf
FNDA:18,SinglePoolStaking.balanceOf
DA:212,18
DA:218,2
FN:218,SinglePoolStaking.lastTimeRewardApplicable
FNDA:2,SinglePoolStaking.lastTimeRewardApplicable
DA:219,1058
DA:227,4
FN:227,SinglePoolStaking.rewardPerToken
FNDA:4,SinglePoolStaking.rewardPerToken
DA:228,1061
DA:230,1056
DA:231,1056
DA:233,1034
DA:234,1034
BRDA:234,5,0,2
DA:235,2
DA:239,1034
DA:247,1057
FN:247,SinglePoolStaking.earned
FNDA:1057,SinglePoolStaking.earned
DA:248,1057
DA:249,1057
DA:250,1057
DA:260,15
FN:260,SinglePoolStaking.proposeRewardRate
FNDA:15,SinglePoolStaking.proposeRewardRate
DA:261,13
BRDA:261,6,0,1
DA:262,12
DA:264,12
DA:265,12
DA:267,12
DA:272,11
FN:272,SinglePoolStaking.executeRewardRateChange
FNDA:11,SinglePoolStaking.executeRewardRateChange
DA:273,11
DA:274,11
BRDA:274,7,0,2
DA:275,9
BRDA:275,8,0,1
DA:277,8
DA:279,8
DA:280,8
DA:283,8
DA:284,8
DA:286,8
DA:287,8
DA:292,3
FN:292,SinglePoolStaking.cancelRewardRateChange
FNDA:3,SinglePoolStaking.cancelRewardRateChange
DA:293,2
DA:294,2
BRDA:294,9,0,1
DA:296,1
DA:297,1
DA:299,1
DA:309,314
FN:309,SinglePoolStaking.fundRewards
FNDA:314,SinglePoolStaking.fundRewards
DA:310,313
BRDA:310,10,0,1
DA:312,312
DA:313,312
DA:314,312
DA:315,312
BRDA:315,11,0,1
DA:317,311
DA:318,311
DA:326,3
FN:326,SinglePoolStaking.rescueTokens
FNDA:3,SinglePoolStaking.rescueTokens
DA:327,3
BRDA:327,12,0,1
DA:328,2
BRDA:328,13,0,1
DA:329,1
DA:330,1
DA:339,538
FN:339,SinglePoolStaking.stake
FNDA:538,SinglePoolStaking.stake
DA:340,538
DA:351,1
FN:351,SinglePoolStaking.stakeFor
FNDA:1,SinglePoolStaking.stakeFor
DA:352,539
BRDA:352,14,0,1
DA:354,538
DA:356,538
DA:358,538
DA:359,538
DA:361,538
DA:367,6
FN:367,SinglePoolStaking.withdraw
FNDA:6,SinglePoolStaking.withdraw
DA:368,6
BRDA:368,15,0,1
DA:370,5
DA:372,5
DA:373,5
BRDA:373,16,0,1
DA:375,4
DA:376,4
DA:378,4
DA:379,4
DA:384,5
FN:384,SinglePoolStaking.getReward
FNDA:5,SinglePoolStaking.getReward
DA:385,5
DA:387,5
DA:388,5
BRDA:388,17,0,1
DA:389,4
DA:391,4
DA:392,4
DA:398,2
FN:398,SinglePoolStaking.getRewardTo
FNDA:2,SinglePoolStaking.getRewardTo
DA:399,2
DA:401,2
DA:402,2
BRDA:402,18,0,1
DA:403,1
DA:405,1
DA:406,1
DA:411,2
FN:411,SinglePoolStaking.exit
FNDA:2,SinglePoolStaking.exit
DA:412,2
DA:414,2
DA:415,2
DA:416,2
DA:418,2
DA:419,2
DA:420,2
DA:422,2
BRDA:422,19,0,1
DA:423,1
DA:424,1
DA:426,2
BRDA:426,20,0,2
DA:427,2
DA:428,2
DA:436,3
FN:436,SinglePoolStaking.emergencyWithdraw
FNDA:3,SinglePoolStaking.emergencyWithdraw
DA:437,3
DA:439,3
DA:440,3
DA:441,3
BRDA:441,21,0,1
DA:444,2
DA:445,2
DA:446,2
DA:448,2
DA:450,2
DA:451,2
DA:465,563
FN:465,SinglePoolStaking._updateGlobal
FNDA:563,SinglePoolStaking._updateGlobal
DA:466,563
DA:467,563
DA:468,563
BRDA:468,22,0,539
DA:469,539
DA:472,24
BRDA:472,23,0,16
DA:473,16
DA:474,16
DA:477,16
BRDA:477,24,0,1
DA:478,1
DA:481,16
BRDA:481,25,0,16
DA:482,16
DA:483,16
DA:487,24
DA:497,552
FN:497,SinglePoolStaking._updateUser
FNDA:552,SinglePoolStaking._updateUser
DA:498,552
DA:500,552
DA:501,552
BRDA:501,26,0,13
DA:502,13
DA:503,13
BRDA:503,27,0,11
DA:504,11
DA:507,552
FNF:19
FNH:19
LF:141
LH:141
BRF:26
BRH:25
end_of_record
TN:
SF:test/BaseSinglePoolStaking.t.sol
DA:34,48
FN:34,SinglePoolStakingBase.setUp
FNDA:48,SinglePoolStakingBase.setUp
DA:36,48
DA:39,48
DA:42,48
DA:43,48
BRDA:43,0,0,-
BRDA:43,0,1,48
DA:44,48
DA:45,48
BRDA:45,1,0,-
BRDA:45,1,1,48
DA:46,48
DA:47,48
BRDA:47,2,0,-
BRDA:47,2,1,48
DA:50,48
DA:51,48
DA:55,535
FN:55,SinglePoolStakingBase._stake
FNDA:535,SinglePoolStakingBase._stake
DA:56,535
DA:57,535
DA:58,535
DA:59,535
DA:63,4
FN:63,SinglePoolStakingBase._withdraw
FNDA:4,SinglePoolStakingBase._withdraw
DA:64,4
DA:65,4
DA:69,3
FN:69,SinglePoolStakingBase._getReward
FNDA:3,SinglePoolStakingBase._getReward
DA:70,3
DA:71,3
FNF:4
FNH:4
LF:22
LH:22
BRF:6
BRH:3
end_of_record
TN:
SF:test/invariants/Handler.sol
DA:31,0
FN:31,Handler.constructor
FNDA:0,Handler.constructor
DA:32,0
DA:33,0
DA:34,0
DA:41,0
FN:41,Handler._pick
FNDA:0,Handler._pick
DA:42,0
DA:51,0
FN:51,Handler.actStake
FNDA:0,Handler.actStake
DA:52,0
DA:53,0
DA:54,0
DA:55,0
FNF:3
FNH:0
LF:11
LH:0
BRF:0
BRH:0
end_of_record
TN:
SF:test/mocks/ERC20Token.sol
DA:8,50
FN:8,ERC20Token.constructor
FNDA:50,ERC20Token.constructor
DA:12,50
FNF:1
FNH:1
LF:2
LH:2
BRF:0
BRH:0
end_of_record
TN:
SF:test/mocks/WeirdRewardToken.sol
DA:10,1
FN:10,WeirdRewardToken.constructor
FNDA:1,WeirdRewardToken.constructor
DA:11,1
DA:14,1
FN:14,WeirdRewardToken.setNoMove
FNDA:1,WeirdRewardToken.setNoMove
DA:15,1
DA:18,1
FN:18,WeirdRewardToken.transferFrom
FNDA:1,WeirdRewardToken.transferFrom
DA:19,1
BRDA:19,0,0,1
DA:22,1
DA:24,0
FNF:3
FNH:3
LF:8
LH:7
BRF:1
BRH:1
end_of_record
