TN:
SF:script/DeploySinglePoolStaking.s.sol
DA:25,1
FN:25,DeploySinglePoolStaking.run
FNDA:1,DeploySinglePoolStaking.run
DA:27,1
DA:30,1
DA:31,1
DA:34,1
DA:39,1
DA:41,1
DA:43,1
DA:53,1
DA:55,1
DA:57,1
BRDA:57,0,0,1
DA:58,1
DA:62,1
FN:62,DeploySinglePoolStaking._loadConfig
FNDA:1,DeploySinglePoolStaking._loadConfig
DA:63,1
DA:64,1
DA:65,1
DA:66,1
DA:67,1
DA:68,1
DA:69,1
DA:70,1
DA:71,1
DA:72,1
DA:75,1
FN:75,DeploySinglePoolStaking._writeOutput
FNDA:1,DeploySinglePoolStaking._writeOutput
DA:76,1
DA:77,1
DA:78,1
DA:79,1
DA:81,1
DA:82,1
FNF:3
FNH:3
LF:30
LH:30
BRF:1
BRH:1
end_of_record
TN:
SF:script/utils/HelperUtils.s.sol
DA:11,3
FN:11,HelperUtils.getChainName
FNDA:3,HelperUtils.getChainName
DA:12,3
BRDA:12,0,0,-
DA:13,0
DA:15,3
BRDA:15,1,0,3
DA:16,3
DA:18,0
BRDA:18,2,0,-
DA:19,0
DA:21,0
DA:25,1
FN:25,HelperUtils.getIsMainnet
FNDA:1,HelperUtils.getIsMainnet
DA:26,1
DA:30,3
FN:30,HelperUtils.getAddressFromJson
FNDA:3,HelperUtils.getAddressFromJson
DA:31,3
DA:32,3
DA:36,0
FN:36,HelperUtils.getBoolFromJson
FNDA:0,HelperUtils.getBoolFromJson
DA:37,0
DA:38,0
DA:42,0
FN:42,HelperUtils.getStringFromJson
FNDA:0,HelperUtils.getStringFromJson
DA:43,0
DA:44,0
DA:48,5
FN:48,HelperUtils.getUintFromJson
FNDA:5,HelperUtils.getUintFromJson
DA:49,5
DA:50,5
DA:54,0
FN:54,HelperUtils.bytes32ToHexString
FNDA:0,HelperUtils.bytes32ToHexString
DA:55,0
DA:56,0
DA:57,0
DA:58,0
DA:59,0
DA:61,0
DA:65,0
FN:65,HelperUtils.uintToStr
FNDA:0,HelperUtils.uintToStr
DA:66,0
DA:67,0
DA:68,0
DA:69,0
DA:70,0
DA:71,0
DA:73,0
DA:74,0
DA:75,0
DA:76,0
DA:77,0
DA:79,0
FNF:8
FNH:4
LF:42
LH:12
BRF:3
BRH:1
end_of_record
TN:
SF:src/SinglePoolStaking.sol
DA:294,61
FN:294,SinglePoolStaking.constructor
FNDA:61,SinglePoolStaking.constructor
DA:304,60
BRDA:304,0,0,1
DA:305,59
BRDA:305,1,0,1
DA:306,58
BRDA:306,2,0,-
DA:308,58
DA:309,58
DA:310,58
DA:311,58
DA:313,58
DA:314,58
DA:315,58
DA:316,58
DA:318,58
DA:337,10
FN:337,SinglePoolStaking.balanceOf
FNDA:10,SinglePoolStaking.balanceOf
DA:338,10
DA:344,2
FN:344,SinglePoolStaking.lastTimeRewardApplicable
FNDA:2,SinglePoolStaking.lastTimeRewardApplicable
DA:345,22
DA:353,4
FN:353,SinglePoolStaking.rewardPerToken
FNDA:4,SinglePoolStaking.rewardPerToken
DA:354,24
DA:356,20
DA:357,20
DA:359,14
DA:360,14
BRDA:360,5,0,2
DA:361,2
DA:365,14
DA:373,20
FN:373,SinglePoolStaking.earned
FNDA:20,SinglePoolStaking.earned
DA:374,20
DA:375,20
DA:376,20
DA:383,2
FN:383,SinglePoolStaking.rewardsRunwaySeconds
FNDA:2,SinglePoolStaking.rewardsRunwaySeconds
DA:384,2
DA:385,1
DA:395,16
FN:395,SinglePoolStaking.proposeRewardRate
FNDA:16,SinglePoolStaking.proposeRewardRate
DA:396,14
BRDA:396,7,0,1
DA:397,13
DA:399,13
DA:400,13
DA:402,13
DA:407,12
FN:407,SinglePoolStaking.executeRewardRateChange
FNDA:12,SinglePoolStaking.executeRewardRateChange
DA:408,12
DA:409,12
BRDA:409,8,0,2
DA:410,10
BRDA:410,9,0,1
DA:412,9
DA:414,9
DA:415,9
DA:418,9
DA:419,9
DA:421,9
DA:422,9
DA:427,3
FN:427,SinglePoolStaking.cancelRewardRateChange
FNDA:3,SinglePoolStaking.cancelRewardRateChange
DA:428,2
DA:429,2
BRDA:429,10,0,1
DA:431,1
DA:432,1
DA:434,1
DA:444,62
FN:444,SinglePoolStaking.fundRewards
FNDA:62,SinglePoolStaking.fundRewards
DA:445,61
BRDA:445,11,0,1
DA:447,60
DA:448,60
DA:449,60
DA:450,60
BRDA:450,12,0,1
DA:452,59
DA:453,59
DA:461,3
FN:461,SinglePoolStaking.rescueTokens
FNDA:3,SinglePoolStaking.rescueTokens
DA:462,3
BRDA:462,13,0,1
DA:463,2
BRDA:463,14,0,1
DA:464,1
DA:465,1
DA:471,3
FN:471,SinglePoolStaking.setWithdrawDelay
FNDA:3,SinglePoolStaking.setWithdrawDelay
DA:472,2
BRDA:472,15,0,1
DA:473,1
DA:474,1
DA:475,1
DA:481,4
FN:481,SinglePoolStaking.setEmergencyExitEnabled
FNDA:4,SinglePoolStaking.setEmergencyExitEnabled
DA:482,4
DA:483,4
DA:491,2
FN:491,SinglePoolStaking.setMinStakeAmount
FNDA:2,SinglePoolStaking.setMinStakeAmount
DA:492,1
DA:493,1
DA:494,1
DA:503,27
FN:503,SinglePoolStaking.stake
FNDA:27,SinglePoolStaking.stake
DA:504,27
DA:515,1
FN:515,SinglePoolStaking.stakeFor
FNDA:1,SinglePoolStaking.stakeFor
DA:516,28
BRDA:516,16,0,1
DA:517,27
BRDA:517,17,0,1
DA:519,26
DA:521,26
DA:523,26
DA:524,26
DA:526,26
DA:531,6
FN:531,SinglePoolStaking.getReward
FNDA:6,SinglePoolStaking.getReward
DA:532,6
DA:534,6
DA:535,6
BRDA:535,18,0,1
DA:536,5
DA:538,5
DA:539,5
DA:545,1
FN:545,SinglePoolStaking.getRewardTo
FNDA:1,SinglePoolStaking.getRewardTo
DA:546,1
DA:548,1
DA:549,1
BRDA:549,19,0,-
DA:550,1
DA:552,1
DA:553,1
DA:562,9
FN:562,SinglePoolStaking.requestWithdrawal
FNDA:9,SinglePoolStaking.requestWithdrawal
DA:563,9
BRDA:563,20,0,1
DA:565,8
DA:567,8
DA:568,8
BRDA:568,21,0,1
DA:570,7
DA:571,7
BRDA:571,22,0,1
DA:574,6
DA:575,6
DA:577,6
DA:578,6
DA:579,6
DA:581,6
DA:588,6
FN:588,SinglePoolStaking.completeWithdrawal
FNDA:6,SinglePoolStaking.completeWithdrawal
DA:589,6
DA:590,6
DA:591,6
BRDA:591,23,0,2
DA:592,4
DA:593,4
BRDA:593,24,0,1
DA:596,3
DA:597,3
DA:599,3
DA:601,3
DA:608,1
FN:608,SinglePoolStaking.cancelWithdrawal
FNDA:1,SinglePoolStaking.cancelWithdrawal
DA:609,1
DA:610,1
DA:611,1
BRDA:611,25,0,-
DA:613,1
DA:616,1
DA:617,1
DA:620,1
DA:621,1
DA:623,1
DA:630,5
FN:630,SinglePoolStaking.emergencyWithdraw
FNDA:5,SinglePoolStaking.emergencyWithdraw
DA:631,5
BRDA:631,26,0,1
DA:632,4
DA:634,4
DA:635,4
DA:637,4
DA:638,4
BRDA:638,27,0,1
DA:640,3
DA:643,3
DA:644,3
DA:645,3
DA:646,3
DA:647,3
DA:649,3
DA:650,3
DA:664,55
FN:664,SinglePoolStaking._updateGlobal
FNDA:55,SinglePoolStaking._updateGlobal
DA:665,55
DA:666,55
DA:667,55
BRDA:667,28,0,32
DA:668,32
DA:671,23
BRDA:671,29,0,13
DA:672,13
DA:673,13
DA:676,13
BRDA:676,30,0,1
DA:677,1
DA:680,13
BRDA:680,31,0,13
DA:681,13
DA:682,13
DA:686,23
DA:696,42
FN:696,SinglePoolStaking._updateUser
FNDA:42,SinglePoolStaking._updateUser
DA:697,42
DA:699,42
DA:700,42
BRDA:700,32,0,15
DA:701,15
DA:702,15
BRDA:702,33,0,10
DA:703,10
DA:706,42
FNF:24
FNH:24
LF:174
LH:174
BRF:31
BRH:28
end_of_record
TN:
SF:test/BaseSinglePoolStaking.t.sol
DA:49,52
FN:49,SinglePoolStakingBase.setUp
FNDA:52,SinglePoolStakingBase.setUp
DA:51,52
DA:55,52
DA:67,52
DA:68,52
BRDA:68,0,0,-
BRDA:68,0,1,52
DA:69,52
DA:70,52
BRDA:70,1,0,-
BRDA:70,1,1,52
DA:71,52
DA:72,52
BRDA:72,2,0,-
BRDA:72,2,1,52
DA:75,52
DA:76,52
DA:80,22
FN:80,SinglePoolStakingBase._stake
FNDA:22,SinglePoolStakingBase._stake
DA:81,22
DA:82,22
DA:83,22
DA:84,22
DA:88,0
FN:88,SinglePoolStakingBase._requestWithdrawal
FNDA:0,SinglePoolStakingBase._requestWithdrawal
DA:89,0
DA:90,0
DA:94,0
FN:94,SinglePoolStakingBase._completeWithdrawal
FNDA:0,SinglePoolStakingBase._completeWithdrawal
DA:95,0
DA:96,0
DA:100,0
FN:100,SinglePoolStakingBase._withdrawAfterDelay
FNDA:0,SinglePoolStakingBase._withdrawAfterDelay
DA:101,0
DA:102,0
DA:103,0
DA:104,0
DA:109,0
FN:109,SinglePoolStakingBase._withdraw
FNDA:0,SinglePoolStakingBase._withdraw
DA:110,0
DA:114,3
FN:114,SinglePoolStakingBase._getReward
FNDA:3,SinglePoolStakingBase._getReward
DA:115,3
DA:116,3
FNF:7
FNH:3
LF:32
LH:19
BRF:6
BRH:3
end_of_record
TN:
SF:test/invariants/Handler.sol
DA:31,0
FN:31,Handler.constructor
FNDA:0,Handler.constructor
DA:32,0
DA:33,0
DA:34,0
DA:41,0
FN:41,Handler._pick
FNDA:0,Handler._pick
DA:42,0
DA:51,0
FN:51,Handler.actStake
FNDA:0,Handler.actStake
DA:52,0
DA:53,0
DA:54,0
DA:55,0
FNF:3
FNH:0
LF:11
LH:0
BRF:0
BRH:0
end_of_record
TN:
SF:test/mocks/ERC20Token.sol
DA:8,54
FN:8,ERC20Token.constructor
FNDA:54,ERC20Token.constructor
DA:12,54
FNF:1
FNH:1
LF:2
LH:2
BRF:0
BRH:0
end_of_record
TN:
SF:test/mocks/WeirdRewardToken.sol
DA:10,1
FN:10,WeirdRewardToken.constructor
FNDA:1,WeirdRewardToken.constructor
DA:11,1
DA:14,1
FN:14,WeirdRewardToken.setNoMove
FNDA:1,WeirdRewardToken.setNoMove
DA:15,1
DA:18,1
FN:18,WeirdRewardToken.transferFrom
FNDA:1,WeirdRewardToken.transferFrom
DA:19,1
BRDA:19,0,0,1
DA:22,1
DA:24,0
FNF:3
FNH:3
LF:8
LH:7
BRF:1
BRH:1
end_of_record
